Using pre-set license
Built from '2020.2/staging' branch; Version is '2020.2.7f1 (c53830e277f1) revision 12924976'; Using compiler version '192528614'; Build Type 'Release'
OS: 'Windows 10 Pro; OS build 19041.867; Version 2004; 64bit' Language: 'ru' Physical Memory: 8112 MB
BatchMode: 1, IsHumanControllingUs: 0, StartBugReporterOnCrash: 0, Is64bit: 1, IsPro: 0

 COMMAND LINE ARGUMENTS:
C:\code\unity\2020.2.7f1\Editor\Unity.exe
-adb2
-batchMode
-noUpm
-name
AssetImportWorker0
-projectPath
C:/unity/ShotLine
-logFile
Logs/AssetImportWorker0.log
-srvPort
58400
Successfully changed project path to: C:/unity/ShotLine
C:/unity/ShotLine
Using Asset Import Pipeline V2.
Refreshing native plugins compatible for Editor in 45.45 ms, found 1 plugins.
Preloading 0 native plugins for Editor in 0.00 ms.
Initialize engine version: 2020.2.7f1 (c53830e277f1)
[Subsystems] Discovering subsystems at path C:/code/unity/2020.2.7f1/Editor/Data/Resources/UnitySubsystems
[Subsystems] Discovering subsystems at path C:/unity/ShotLine/Assets
GfxDevice: creating device client; threaded=0
Direct3D:
    Version:  Direct3D 11.0 [level 11.1]
    Renderer: NVIDIA GeForce GTX 1650 (ID=0x1f91)
    Vendor:   
    VRAM:     3962 MB
    Driver:   26.21.14.4223
Initialize mono
Mono path[0] = 'C:/code/unity/2020.2.7f1/Editor/Data/Managed'
Mono path[1] = 'C:/code/unity/2020.2.7f1/Editor/Data/MonoBleedingEdge/lib/mono/unityjit'
Mono config path = 'C:/code/unity/2020.2.7f1/Editor/Data/MonoBleedingEdge/etc'
Using monoOptions --debugger-agent=transport=dt_socket,embedding=1,server=y,suspend=n,address=127.0.0.1:56180
Begin MonoManager ReloadAssembly
Registering precompiled unity dll's ...
Register platform support module: C:/code/unity/2020.2.7f1/Editor/Data/PlaybackEngines/WindowsStandaloneSupport/UnityEditor.WindowsStandalone.Extensions.dll
Registered in 0.002092 seconds.
Native extension for WindowsStandalone target not found
Refreshing native plugins compatible for Editor in 34.96 ms, found 1 plugins.
Preloading 0 native plugins for Editor in 0.00 ms.
Invoked RoslynAnalysisRunner static constructor.
RoslynAnalysisRunner will not be running.
RoslynAnalysisRunner has terminated.
Mono: successfully reloaded assembly
- Completed reload, in  2.497 seconds
Platform modules already initialized, skipping
Registering precompiled user dll's ...
Registered in 0.000981 seconds.
Begin MonoManager ReloadAssembly
Native extension for WindowsStandalone target not found
Refreshing native plugins compatible for Editor in 37.18 ms, found 1 plugins.
Preloading 0 native plugins for Editor in 0.00 ms.
Invoked RoslynAnalysisRunner static constructor.
RoslynAnalysisRunner will not be running.
RoslynAnalysisRunner has terminated.
Mono: successfully reloaded assembly
- Completed reload, in  1.007 seconds
Platform modules already initialized, skipping
========================================================================
Worker process is ready to serve import requests
Launched and connected shader compiler UnityShaderCompiler.exe after 0.07 seconds
Refreshing native plugins compatible for Editor in 0.36 ms, found 1 plugins.
Preloading 0 native plugins for Editor in 0.00 ms.
Unloading 1814 Unused Serialized files (Serialized files now loaded: 0)
System memory in use before: 85.1 MB.
System memory in use after: 85.0 MB.

Unloading 24 unused Assets to reduce memory usage. Loaded Objects now: 2260.
Total: 2.999900 ms (FindLiveObjects: 0.260500 ms CreateObjectMapping: 0.338400 ms MarkObjects: 2.253500 ms  DeleteObjects: 0.146100 ms)

========================================================================
Received Import Request.
  path: Assets/Scripts/LevelDifficultScript.cs
  artifactKey: Guid(10821d6dd4878ab4ca2dc2c8dbb41339) Importer(815301076,1909f56bfc062723c751e8b465ee728b)
Start importing Assets/Scripts/LevelDifficultScript.cs using Guid(10821d6dd4878ab4ca2dc2c8dbb41339) Importer(815301076,1909f56bfc062723c751e8b465ee728b)  -> (artifact id: '37e2683d4c5b2e595953b60dce606916') in 0.229355 seconds
  Import took 0.238824 seconds .

========================================================================
Received Import Request.
  Time since last request: 7.719307 seconds.
  path: Assets/Scenes/Game.unity
  artifactKey: Guid(f369eb5142ee19d42a47b2ffd42c7731) Importer(815301076,1909f56bfc062723c751e8b465ee728b)
Start importing Assets/Scenes/Game.unity using Guid(f369eb5142ee19d42a47b2ffd42c7731) Importer(815301076,1909f56bfc062723c751e8b465ee728b)  -> (artifact id: '40696d3ae4649662d54e156087499da8') in 0.020497 seconds
  Import took 0.024612 seconds .

========================================================================
Received Prepare
Registering precompiled user dll's ...
Registered in 0.001719 seconds.
Begin MonoManager ReloadAssembly
Native extension for WindowsStandalone target not found
Refreshing native plugins compatible for Editor in 0.36 ms, found 1 plugins.
Preloading 0 native plugins for Editor in 0.00 ms.
Invoked RoslynAnalysisRunner static constructor.
RoslynAnalysisRunner will not be running.
RoslynAnalysisRunner has terminated.
Mono: successfully reloaded assembly
- Completed reload, in  1.029 seconds
Platform modules already initialized, skipping
Refreshing native plugins compatible for Editor in 0.35 ms, found 1 plugins.
Preloading 0 native plugins for Editor in 0.00 ms.
Unloading 1809 Unused Serialized files (Serialized files now loaded: 0)
System memory in use before: 85.0 MB.
System memory in use after: 85.0 MB.

Unloading 12 unused Assets to reduce memory usage. Loaded Objects now: 2264.
Total: 2.887100 ms (FindLiveObjects: 0.310600 ms CreateObjectMapping: 0.168600 ms MarkObjects: 2.272800 ms  DeleteObjects: 0.133600 ms)

========================================================================
Received Prepare
Registering precompiled user dll's ...
Registered in 0.001069 seconds.
Begin MonoManager ReloadAssembly
Native extension for WindowsStandalone target not found
Refreshing native plugins compatible for Editor in 0.34 ms, found 1 plugins.
Preloading 0 native plugins for Editor in 0.00 ms.
Invoked RoslynAnalysisRunner static constructor.
RoslynAnalysisRunner will not be running.
RoslynAnalysisRunner has terminated.
Mono: successfully reloaded assembly
- Completed reload, in  1.042 seconds
Platform modules already initialized, skipping
Refreshing native plugins compatible for Editor in 0.39 ms, found 1 plugins.
Preloading 0 native plugins for Editor in 0.00 ms.
Unloading 1809 Unused Serialized files (Serialized files now loaded: 0)
System memory in use before: 85.1 MB.
System memory in use after: 85.1 MB.

Unloading 12 unused Assets to reduce memory usage. Loaded Objects now: 2268.
Total: 3.006600 ms (FindLiveObjects: 0.303500 ms CreateObjectMapping: 0.111200 ms MarkObjects: 2.468000 ms  DeleteObjects: 0.121800 ms)

========================================================================
Received Prepare
Registering precompiled user dll's ...
Registered in 0.001115 seconds.
Begin MonoManager ReloadAssembly
Native extension for WindowsStandalone target not found
Refreshing native plugins compatible for Editor in 0.34 ms, found 1 plugins.
Preloading 0 native plugins for Editor in 0.00 ms.
Invoked RoslynAnalysisRunner static constructor.
RoslynAnalysisRunner will not be running.
RoslynAnalysisRunner has terminated.
Mono: successfully reloaded assembly
- Completed reload, in  0.965 seconds
Platform modules already initialized, skipping
Refreshing native plugins compatible for Editor in 0.35 ms, found 1 plugins.
Preloading 0 native plugins for Editor in 0.00 ms.
Unloading 1809 Unused Serialized files (Serialized files now loaded: 0)
System memory in use before: 85.1 MB.
System memory in use after: 85.1 MB.

Unloading 12 unused Assets to reduce memory usage. Loaded Objects now: 2272.
Total: 2.695100 ms (FindLiveObjects: 0.237300 ms CreateObjectMapping: 0.103000 ms MarkObjects: 2.222600 ms  DeleteObjects: 0.130900 ms)

========================================================================
Received Import Request.
  Time since last request: 341.058889 seconds.
  path: Assets/Scripts/TimerScript.cs
  artifactKey: Guid(2de33f072187c8549b915aa451d0449d) Importer(815301076,1909f56bfc062723c751e8b465ee728b)
Start importing Assets/Scripts/TimerScript.cs using Guid(2de33f072187c8549b915aa451d0449d) Importer(815301076,1909f56bfc062723c751e8b465ee728b)  -> (artifact id: '59ff2687a18854efc9162970f5395ddb') in 0.017633 seconds
  Import took 0.021600 seconds .

========================================================================
Received Import Request.
  Time since last request: 0.027695 seconds.
  path: Assets/Scripts/TimerScript.cs
  artifactKey: Guid(2de33f072187c8549b915aa451d0449d) Importer(815301076,1909f56bfc062723c751e8b465ee728b)
Start importing Assets/Scripts/TimerScript.cs using Guid(2de33f072187c8549b915aa451d0449d) Importer(815301076,1909f56bfc062723c751e8b465ee728b)  -> (artifact id: '59ff2687a18854efc9162970f5395ddb') in 0.003406 seconds
  Import took 0.007253 seconds .

========================================================================
Received Import Request.
  Time since last request: 5.741083 seconds.
  path: Assets/Scripts/Helpers
  artifactKey: Guid(cfd61120ad40b074e9778e3af050e983) Importer(815301076,1909f56bfc062723c751e8b465ee728b)
Start importing Assets/Scripts/Helpers using Guid(cfd61120ad40b074e9778e3af050e983) Importer(815301076,1909f56bfc062723c751e8b465ee728b)  -> (artifact id: '394445e75c18494a4cdd68523da64ae4') in 0.010233 seconds
  Import took 0.014321 seconds .

========================================================================
Received Import Request.
  Time since last request: 8.809002 seconds.
  path: Assets/Scripts/Helpers/SaveLoadScore.cs
  artifactKey: Guid(aea94455b33f4064aa8aa985bba565d8) Importer(815301076,1909f56bfc062723c751e8b465ee728b)
Start importing Assets/Scripts/Helpers/SaveLoadScore.cs using Guid(aea94455b33f4064aa8aa985bba565d8) Importer(815301076,1909f56bfc062723c751e8b465ee728b)  -> (artifact id: 'c3b00ad61d7a4761946baf48a6076d95') in 0.010125 seconds
  Import took 0.014849 seconds .

========================================================================
Received Prepare
Registering precompiled user dll's ...
Registered in 0.001154 seconds.
Begin MonoManager ReloadAssembly
Native extension for WindowsStandalone target not found
Refreshing native plugins compatible for Editor in 0.36 ms, found 1 plugins.
Preloading 0 native plugins for Editor in 0.00 ms.
Invoked RoslynAnalysisRunner static constructor.
RoslynAnalysisRunner will not be running.
RoslynAnalysisRunner has terminated.
Mono: successfully reloaded assembly
- Completed reload, in  1.308 seconds
Platform modules already initialized, skipping
Refreshing native plugins compatible for Editor in 0.40 ms, found 1 plugins.
Preloading 0 native plugins for Editor in 0.00 ms.
Unloading 1810 Unused Serialized files (Serialized files now loaded: 0)
System memory in use before: 85.1 MB.
System memory in use after: 85.1 MB.

Unloading 12 unused Assets to reduce memory usage. Loaded Objects now: 2277.
Total: 2.673600 ms (FindLiveObjects: 0.356200 ms CreateObjectMapping: 0.179300 ms MarkObjects: 2.003200 ms  DeleteObjects: 0.133600 ms)

========================================================================
Received Prepare
Registering precompiled user dll's ...
Registered in 0.001301 seconds.
Begin MonoManager ReloadAssembly
Native extension for WindowsStandalone target not found
Refreshing native plugins compatible for Editor in 0.35 ms, found 1 plugins.
Preloading 0 native plugins for Editor in 0.00 ms.
Invoked RoslynAnalysisRunner static constructor.
RoslynAnalysisRunner will not be running.
RoslynAnalysisRunner has terminated.
Mono: successfully reloaded assembly
- Completed reload, in  1.165 seconds
Platform modules already initialized, skipping
Refreshing native plugins compatible for Editor in 0.39 ms, found 1 plugins.
Preloading 0 native plugins for Editor in 0.00 ms.
Unloading 1810 Unused Serialized files (Serialized files now loaded: 0)
System memory in use before: 85.2 MB.
System memory in use after: 85.1 MB.

Unloading 12 unused Assets to reduce memory usage. Loaded Objects now: 2281.
Total: 2.956800 ms (FindLiveObjects: 0.216400 ms CreateObjectMapping: 0.100500 ms MarkObjects: 2.454400 ms  DeleteObjects: 0.183500 ms)

========================================================================
Received Import Request.
  Time since last request: 188.494188 seconds.
  path: Assets/Scripts/Helpers/SaveLoadScore.cs
  artifactKey: Guid(aea94455b33f4064aa8aa985bba565d8) Importer(815301076,1909f56bfc062723c751e8b465ee728b)
Start importing Assets/Scripts/Helpers/SaveLoadScore.cs using Guid(aea94455b33f4064aa8aa985bba565d8) Importer(815301076,1909f56bfc062723c751e8b465ee728b)  -> (artifact id: 'c3ab164b2f452e3cb5a96a811108f3f4') in 0.007514 seconds
  Import took 0.010886 seconds .

========================================================================
Received Prepare
Registering precompiled user dll's ...
Registered in 0.001103 seconds.
Begin MonoManager ReloadAssembly
Native extension for WindowsStandalone target not found
Refreshing native plugins compatible for Editor in 0.34 ms, found 1 plugins.
Preloading 0 native plugins for Editor in 0.00 ms.
Invoked RoslynAnalysisRunner static constructor.
RoslynAnalysisRunner will not be running.
RoslynAnalysisRunner has terminated.
Mono: successfully reloaded assembly
- Completed reload, in  0.971 seconds
Platform modules already initialized, skipping
Refreshing native plugins compatible for Editor in 0.35 ms, found 1 plugins.
Preloading 0 native plugins for Editor in 0.00 ms.
Unloading 1810 Unused Serialized files (Serialized files now loaded: 0)
System memory in use before: 85.2 MB.
System memory in use after: 85.2 MB.

Unloading 12 unused Assets to reduce memory usage. Loaded Objects now: 2285.
Total: 2.875400 ms (FindLiveObjects: 0.444400 ms CreateObjectMapping: 0.322500 ms MarkObjects: 1.977200 ms  DeleteObjects: 0.130000 ms)

========================================================================
Received Import Request.
  Time since last request: 138.114487 seconds.
  path: Assets/Scripts/Helpers/SaveLoadScore.cs
  artifactKey: Guid(aea94455b33f4064aa8aa985bba565d8) Importer(815301076,1909f56bfc062723c751e8b465ee728b)
Start importing Assets/Scripts/Helpers/SaveLoadScore.cs using Guid(aea94455b33f4064aa8aa985bba565d8) Importer(815301076,1909f56bfc062723c751e8b465ee728b)  -> (artifact id: '3aa5c9f74a5517630a218282e210c105') in 0.007504 seconds
  Import took 0.017257 seconds .

========================================================================
Received Import Request.
  Time since last request: 99.385122 seconds.
  path: Assets/Scripts/MaxScoreScript.cs
  artifactKey: Guid(c982bdcf16613c04f920f89f40c01ae2) Importer(815301076,1909f56bfc062723c751e8b465ee728b)
Start importing Assets/Scripts/MaxScoreScript.cs using Guid(c982bdcf16613c04f920f89f40c01ae2) Importer(815301076,1909f56bfc062723c751e8b465ee728b)  -> (artifact id: '0b72cd20e106f0e422feedc0b54601ff') in 0.015079 seconds
  Import took 0.028454 seconds .

========================================================================
Received Prepare
Registering precompiled user dll's ...
Registered in 0.001378 seconds.
Begin MonoManager ReloadAssembly
Native extension for WindowsStandalone target not found
Refreshing native plugins compatible for Editor in 0.98 ms, found 1 plugins.
Preloading 0 native plugins for Editor in 0.00 ms.
Invoked RoslynAnalysisRunner static constructor.
RoslynAnalysisRunner will not be running.
RoslynAnalysisRunner has terminated.
Mono: successfully reloaded assembly
- Completed reload, in  1.397 seconds
Platform modules already initialized, skipping
Refreshing native plugins compatible for Editor in 0.47 ms, found 1 plugins.
Preloading 0 native plugins for Editor in 0.00 ms.
Unloading 1811 Unused Serialized files (Serialized files now loaded: 0)
System memory in use before: 85.2 MB.
System memory in use after: 85.2 MB.

Unloading 12 unused Assets to reduce memory usage. Loaded Objects now: 2290.
Total: 3.176600 ms (FindLiveObjects: 0.254500 ms CreateObjectMapping: 0.111400 ms MarkObjects: 2.668000 ms  DeleteObjects: 0.140900 ms)

========================================================================
Received Import Request.
  Time since last request: 6.214903 seconds.
  path: Assets/Scripts/MenuScript.cs
  artifactKey: Guid(9dc1d29c945c23b43acf7a3a9968bec1) Importer(815301076,1909f56bfc062723c751e8b465ee728b)
Start importing Assets/Scripts/MenuScript.cs using Guid(9dc1d29c945c23b43acf7a3a9968bec1) Importer(815301076,1909f56bfc062723c751e8b465ee728b)  -> (artifact id: '6d9c5e78babff13799ca81820a548419') in 0.014489 seconds
  Import took 0.024690 seconds .

========================================================================
Received Prepare
Registering precompiled user dll's ...
Registered in 0.001683 seconds.
Begin MonoManager ReloadAssembly
Native extension for WindowsStandalone target not found
Refreshing native plugins compatible for Editor in 0.47 ms, found 1 plugins.
Preloading 0 native plugins for Editor in 0.00 ms.
Invoked RoslynAnalysisRunner static constructor.
RoslynAnalysisRunner will not be running.
RoslynAnalysisRunner has terminated.
Mono: successfully reloaded assembly
- Completed reload, in  1.427 seconds
Platform modules already initialized, skipping
Refreshing native plugins compatible for Editor in 0.45 ms, found 1 plugins.
Preloading 0 native plugins for Editor in 0.00 ms.
Unloading 1811 Unused Serialized files (Serialized files now loaded: 0)
System memory in use before: 85.2 MB.
System memory in use after: 85.2 MB.

Unloading 12 unused Assets to reduce memory usage. Loaded Objects now: 2294.
Total: 3.279300 ms (FindLiveObjects: 0.301600 ms CreateObjectMapping: 0.195200 ms MarkObjects: 2.630800 ms  DeleteObjects: 0.148800 ms)

========================================================================
Received Prepare
Registering precompiled user dll's ...
Registered in 0.001339 seconds.
Begin MonoManager ReloadAssembly
Native extension for WindowsStandalone target not found
Refreshing native plugins compatible for Editor in 0.53 ms, found 1 plugins.
Preloading 0 native plugins for Editor in 0.00 ms.
Invoked RoslynAnalysisRunner static constructor.
RoslynAnalysisRunner will not be running.
RoslynAnalysisRunner has terminated.
Mono: successfully reloaded assembly
- Completed reload, in  1.327 seconds
Platform modules already initialized, skipping
Refreshing native plugins compatible for Editor in 0.52 ms, found 1 plugins.
Preloading 0 native plugins for Editor in 0.00 ms.
Unloading 1811 Unused Serialized files (Serialized files now loaded: 0)
System memory in use before: 85.2 MB.
System memory in use after: 85.2 MB.

Unloading 12 unused Assets to reduce memory usage. Loaded Objects now: 2298.
Total: 3.214100 ms (FindLiveObjects: 0.367500 ms CreateObjectMapping: 0.146800 ms MarkObjects: 2.554400 ms  DeleteObjects: 0.142800 ms)

AssetImportWorkerClient::OnTransportError - code=2 error=End of file
